[debug] [2024-05-30T19:47:07.358Z] ----------------------------------------------------------------------
[debug] [2024-05-30T19:47:07.360Z] Command:       C:\Program Files\nodejs\node.exe C:\Users\User\AppData\Roaming\npm\node_modules\firebase-tools\lib\bin\firebase.js init
[debug] [2024-05-30T19:47:07.360Z] CLI Version:   13.10.2
[debug] [2024-05-30T19:47:07.360Z] Platform:      win32
[debug] [2024-05-30T19:47:07.361Z] Node Version:  v20.13.1
[debug] [2024-05-30T19:47:07.361Z] Time:          Thu May 30 2024 12:47:07 GMT-0700 (Pacific Daylight Time)
[debug] [2024-05-30T19:47:07.361Z] ----------------------------------------------------------------------
[debug] 
[debug] [2024-05-30T19:47:07.363Z] >>> [apiv2][query] GET https://firebase-public.firebaseio.com/cli.json [none]
[debug] [2024-05-30T19:47:07.397Z] > command requires scopes: ["email","openid","https://www.googleapis.com/auth/cloudplatformprojects.readonly","https://www.googleapis.com/auth/firebase","https://www.googleapis.com/auth/cloud-platform"]
[debug] [2024-05-30T19:47:07.397Z] > authorizing via signed-in user (muntasiraahmed3@gmail.com)
[info] 
     ######## #### ########  ######## ########     ###     ######  ########
     ##        ##  ##     ## ##       ##     ##  ##   ##  ##       ##
     ######    ##  ########  ######   ########  #########  ######  ######
     ##        ##  ##    ##  ##       ##     ## ##     ##       ## ##
     ##       #### ##     ## ######## ########  ##     ##  ######  ########

You're about to initialize a Firebase project in this directory:

  D:\ap\next\next-tracker

[debug] [2024-05-30T19:47:08.003Z] <<< [apiv2][status] GET https://firebase-public.firebaseio.com/cli.json 200
[debug] [2024-05-30T19:47:08.004Z] <<< [apiv2][body] GET https://firebase-public.firebaseio.com/cli.json {"cloudBuildErrorAfter":1594252800000,"cloudBuildWarnAfter":1590019200000,"defaultNode10After":1594252800000,"minVersion":"3.0.5","node8DeploysDisabledAfter":1613390400000,"node8RuntimeDisabledAfter":1615809600000,"node8WarnAfter":1600128000000}
